<?xml version="1.0" encoding="UTF-8"?>
<!-- Generated by org.testng.reporters.JUnitXMLReporter -->
<testsuite ignored="0" hostname="DESKTOP-R8LNRUV" failures="0" tests="4" name="Test" time="30.905" errors="0" timestamp="2022-11-14T21:31:31 MYT">
  <testcase classname="CICDDemoGUI.CICDDemoGUI.TestCase1" name="test1" time="2.941"/>
  <testcase classname="CICDDemoGUI.CICDDemoGUI.TestCase1" name="test2" time="3.493"/>
  <testcase classname="CICDDemoGUI.CICDDemoGUI.TestCase1" name="test3" time="3.017"/>
  <testcase classname="CICDDemoGUI.CICDDemoGUI.TestCase1" name="test4" time="1.883"/>
</testsuite> <!-- Test -->
