<?xml version="1.0" encoding="UTF-8"?>
<testng-results ignored="0" total="4" passed="4" failed="0" skipped="0">
  <reporter-output>
  </reporter-output>
  <suite started-at="2022-11-14T21:31:00 MYT" name="Suite" finished-at="2022-11-14T21:31:31 MYT" duration-ms="30905">
    <groups>
    </groups>
    <test started-at="2022-11-14T21:31:00 MYT" name="Test" finished-at="2022-11-14T21:31:31 MYT" duration-ms="30905">
      <class name="CICDDemoGUI.CICDDemoGUI.TestCase1">
        <test-method is-config="true" signature="setup()[pri:0, instance:CICDDemoGUI.CICDDemoGUI.TestCase1@61d6015a]" started-at="2022-11-14T21:31:00 MYT" name="setup" finished-at="2022-11-14T21:31:15 MYT" duration-ms="14479" status="PASS">
          <reporter-output>
          </reporter-output>
        </test-method> <!-- setup -->
        <test-method signature="test1()[pri:0, instance:CICDDemoGUI.CICDDemoGUI.TestCase1@61d6015a]" started-at="2022-11-14T21:31:15 MYT" name="test1" finished-at="2022-11-14T21:31:18 MYT" duration-ms="2941" status="PASS">
          <reporter-output>
          </reporter-output>
        </test-method> <!-- test1 -->
        <test-method is-config="true" signature="tearDown()[pri:0, instance:CICDDemoGUI.CICDDemoGUI.TestCase1@61d6015a]" started-at="2022-11-14T21:31:18 MYT" name="tearDown" finished-at="2022-11-14T21:31:18 MYT" duration-ms="637" status="PASS">
          <reporter-output>
          </reporter-output>
        </test-method> <!-- tearDown -->
        <test-method is-config="true" signature="setup()[pri:0, instance:CICDDemoGUI.CICDDemoGUI.TestCase1@61d6015a]" started-at="2022-11-14T21:31:18 MYT" name="setup" finished-at="2022-11-14T21:31:20 MYT" duration-ms="1496" status="PASS">
          <reporter-output>
          </reporter-output>
        </test-method> <!-- setup -->
        <test-method signature="test2()[pri:0, instance:CICDDemoGUI.CICDDemoGUI.TestCase1@61d6015a]" started-at="2022-11-14T21:31:20 MYT" name="test2" finished-at="2022-11-14T21:31:23 MYT" duration-ms="3493" status="PASS">
          <reporter-output>
          </reporter-output>
        </test-method> <!-- test2 -->
        <test-method is-config="true" signature="tearDown()[pri:0, instance:CICDDemoGUI.CICDDemoGUI.TestCase1@61d6015a]" started-at="2022-11-14T21:31:23 MYT" name="tearDown" finished-at="2022-11-14T21:31:24 MYT" duration-ms="236" status="PASS">
          <reporter-output>
          </reporter-output>
        </test-method> <!-- tearDown -->
        <test-method is-config="true" signature="setup()[pri:0, instance:CICDDemoGUI.CICDDemoGUI.TestCase1@61d6015a]" started-at="2022-11-14T21:31:24 MYT" name="setup" finished-at="2022-11-14T21:31:25 MYT" duration-ms="1120" status="PASS">
          <reporter-output>
          </reporter-output>
        </test-method> <!-- setup -->
        <test-method signature="test3()[pri:0, instance:CICDDemoGUI.CICDDemoGUI.TestCase1@61d6015a]" started-at="2022-11-14T21:31:25 MYT" name="test3" finished-at="2022-11-14T21:31:28 MYT" duration-ms="3017" status="PASS">
          <reporter-output>
          </reporter-output>
        </test-method> <!-- test3 -->
        <test-method is-config="true" signature="tearDown()[pri:0, instance:CICDDemoGUI.CICDDemoGUI.TestCase1@61d6015a]" started-at="2022-11-14T21:31:28 MYT" name="tearDown" finished-at="2022-11-14T21:31:28 MYT" duration-ms="194" status="PASS">
          <reporter-output>
          </reporter-output>
        </test-method> <!-- tearDown -->
        <test-method is-config="true" signature="setup()[pri:0, instance:CICDDemoGUI.CICDDemoGUI.TestCase1@61d6015a]" started-at="2022-11-14T21:31:28 MYT" name="setup" finished-at="2022-11-14T21:31:29 MYT" duration-ms="1151" status="PASS">
          <reporter-output>
          </reporter-output>
        </test-method> <!-- setup -->
        <test-method signature="test4()[pri:0, instance:CICDDemoGUI.CICDDemoGUI.TestCase1@61d6015a]" started-at="2022-11-14T21:31:29 MYT" name="test4" finished-at="2022-11-14T21:31:31 MYT" duration-ms="1883" status="PASS">
          <reporter-output>
          </reporter-output>
        </test-method> <!-- test4 -->
        <test-method is-config="true" signature="tearDown()[pri:0, instance:CICDDemoGUI.CICDDemoGUI.TestCase1@61d6015a]" started-at="2022-11-14T21:31:31 MYT" name="tearDown" finished-at="2022-11-14T21:31:31 MYT" duration-ms="209" status="PASS">
          <reporter-output>
          </reporter-output>
        </test-method> <!-- tearDown -->
      </class> <!-- CICDDemoGUI.CICDDemoGUI.TestCase1 -->
    </test> <!-- Test -->
  </suite> <!-- Suite -->
</testng-results>
