<?xml version="1.0" encoding="UTF-8"?>
<testsuite xmlns:xsi="http://www.w3.org/2001/XMLSchema-instance" xsi:noNamespaceSchemaLocation="https://maven.apache.org/surefire/maven-surefire-plugin/xsd/surefire-test-report.xsd" name="TestSuite" time="32.126" tests="4" errors="0" skipped="0" failures="0">
  <properties>
[...]
</properties>
  <testcase name="test1" classname="CICDDemoGUI.CICDDemoGUI.TestCase1" time="2.942"/>
  <testcase name="test2" classname="CICDDemoGUI.CICDDemoGUI.TestCase1" time="3.493"/>
  <testcase name="test3" classname="CICDDemoGUI.CICDDemoGUI.TestCase1" time="3.017"/>
  <testcase name="test4" classname="CICDDemoGUI.CICDDemoGUI.TestCase1" time="1.884"/>
</testsuite>